<?xml version="1.0" encoding="UTF-8"?>
<testng-results ignored="0" total="1" passed="0" failed="1" skipped="0">
  <reporter-output>
    <line>
      <![CDATA[Enter number]]>
    </line>
    <line>
      <![CDATA[enter first]]>
    </line>
    <line>
      <![CDATA[enter second]]>
    </line>
    <line>
      <![CDATA[enter third]]>
    </line>
    <line>
      <![CDATA[enter fourth]]>
    </line>
    <line>
      <![CDATA[edit_mesgÏs Executed]]>
    </line>
  </reporter-output>
  <suite started-at="2024-09-15T20:00:21 IST" name="Default suite" finished-at="2024-09-15T20:01:46 IST" duration-ms="84656">
    <groups>
    </groups>
    <test started-at="2024-09-15T20:00:21 IST" name="Default test" finished-at="2024-09-15T20:01:46 IST" duration-ms="84656">
      <class name="com.Pric.testScripts.ViewList_Message">
        <test-method is-config="true" signature="preCondition()[pri:0, instance:com.Pric.testScripts.ViewList_Message@235ecd9f]" started-at="2024-09-15T20:00:22 IST" name="preCondition" finished-at="2024-09-15T20:00:37 IST" duration-ms="15084" status="PASS">
          <reporter-output>
          </reporter-output>
        </test-method> <!-- preCondition -->
        <test-method is-config="true" signature="login()[pri:0, instance:com.Pric.testScripts.ViewList_Message@235ecd9f]" started-at="2024-09-15T20:00:37 IST" name="login" finished-at="2024-09-15T20:01:01 IST" duration-ms="24410" status="PASS">
          <reporter-output>
            <line>
              <![CDATA[Enter number]]>
            </line>
            <line>
              <![CDATA[enter first]]>
            </line>
            <line>
              <![CDATA[enter second]]>
            </line>
            <line>
              <![CDATA[enter third]]>
            </line>
            <line>
              <![CDATA[enter fourth]]>
            </line>
          </reporter-output>
        </test-method> <!-- login -->
        <test-method signature="edit_mesg()[pri:0, instance:com.Pric.testScripts.ViewList_Message@235ecd9f]" started-at="2024-09-15T20:01:01 IST" name="edit_mesg" finished-at="2024-09-15T20:01:23 IST" duration-ms="22155" status="FAIL">
          <exception class="org.openqa.selenium.ElementClickInterceptedException">
            <message>
              <![CDATA[element click intercepted: Element <button class="btn btn-gradient-primary">...</button> is not clickable at point (806, 294). Other element would receive the click: <form class="" data-gtm-form-interact-id="0">...</form>
  (Session info: chrome=128.0.6613.138)
Build info: version: '4.12.0', revision: '249f2a7d1b*'
System info: os.name: 'Windows 10', os.arch: 'amd64', os.version: '10.0', java.version: '17.0.6'
Driver info: org.openqa.selenium.chrome.ChromeDriver
Command: [69548981f0808f0e6f9f088b5a66dbc8, clickElement {id=f.619DEB6ACBB0F31A93CB930A52708FF7.d.E5B17F1E3580052280667944BCA56E56.e.220}]
Capabilities {acceptInsecureCerts: false, browserName: chrome, browserVersion: 128.0.6613.138, chrome: {chromedriverVersion: 128.0.6613.137 (fe621c5aa2d..., userDataDir: C:\Users\HP\AppData\Local\T...}, fedcm:accounts: true, goog:chromeOptions: {debuggerAddress: localhost:63252}, networkConnectionEnabled: false, pageLoadStrategy: normal, platformName: windows, proxy: Proxy(), se:cdp: ws://localhost:63252/devtoo..., se:cdpVersion: 128.0.6613.138, setWindowRect: true, strictFileInteractability: false, timeouts: {implicit: 0, pageLoad: 300000, script: 30000}, unhandledPromptBehavior: dismiss and notify, webauthn:extension:credBlob: true, webauthn:extension:largeBlob: true, webauthn:extension:minPinLength: true, webauthn:extension:prf: true, webauthn:virtualAuthenticators: true}
Element: [[ChromeDriver: chrome on windows (69548981f0808f0e6f9f088b5a66dbc8)] -> xpath: //button[@class='btn btn-gradient-primary']]
Session ID: 69548981f0808f0e6f9f088b5a66dbc8]]>
            </message>
            <full-stacktrace>
              <![CDATA[org.openqa.selenium.ElementClickInterceptedException: element click intercepted: Element <button class="btn btn-gradient-primary">...</button> is not clickable at point (806, 294). Other element would receive the click: <form class="" data-gtm-form-interact-id="0">...</form>
  (Session info: chrome=128.0.6613.138)
Build info: version: '4.12.0', revision: '249f2a7d1b*'
System info: os.name: 'Windows 10', os.arch: 'amd64', os.version: '10.0', java.version: '17.0.6'
Driver info: org.openqa.selenium.chrome.ChromeDriver
Command: [69548981f0808f0e6f9f088b5a66dbc8, clickElement {id=f.619DEB6ACBB0F31A93CB930A52708FF7.d.E5B17F1E3580052280667944BCA56E56.e.220}]
Capabilities {acceptInsecureCerts: false, browserName: chrome, browserVersion: 128.0.6613.138, chrome: {chromedriverVersion: 128.0.6613.137 (fe621c5aa2d..., userDataDir: C:\Users\HP\AppData\Local\T...}, fedcm:accounts: true, goog:chromeOptions: {debuggerAddress: localhost:63252}, networkConnectionEnabled: false, pageLoadStrategy: normal, platformName: windows, proxy: Proxy(), se:cdp: ws://localhost:63252/devtoo..., se:cdpVersion: 128.0.6613.138, setWindowRect: true, strictFileInteractability: false, timeouts: {implicit: 0, pageLoad: 300000, script: 30000}, unhandledPromptBehavior: dismiss and notify, webauthn:extension:credBlob: true, webauthn:extension:largeBlob: true, webauthn:extension:minPinLength: true, webauthn:extension:prf: true, webauthn:virtualAuthenticators: true}
Element: [[ChromeDriver: chrome on windows (69548981f0808f0e6f9f088b5a66dbc8)] -> xpath: //button[@class='btn btn-gradient-primary']]
Session ID: 69548981f0808f0e6f9f088b5a66dbc8
at java.base/jdk.internal.reflect.NativeConstructorAccessorImpl.newInstance0(Native Method)
at java.base/jdk.internal.reflect.NativeConstructorAccessorImpl.newInstance(NativeConstructorAccessorImpl.java:77)
at java.base/jdk.internal.reflect.DelegatingConstructorAccessorImpl.newInstance(DelegatingConstructorAccessorImpl.java:45)
at java.base/java.lang.reflect.Constructor.newInstanceWithCaller(Constructor.java:499)
at java.base/java.lang.reflect.Constructor.newInstance(Constructor.java:480)
at org.openqa.selenium.remote.codec.w3c.W3CHttpResponseCodec.createException(W3CHttpResponseCodec.java:200)
at org.openqa.selenium.remote.codec.w3c.W3CHttpResponseCodec.decode(W3CHttpResponseCodec.java:133)
at org.openqa.selenium.remote.codec.w3c.W3CHttpResponseCodec.decode(W3CHttpResponseCodec.java:52)
at org.openqa.selenium.remote.HttpCommandExecutor.execute(HttpCommandExecutor.java:191)
at org.openqa.selenium.remote.service.DriverCommandExecutor.invokeExecute(DriverCommandExecutor.java:196)
at org.openqa.selenium.remote.service.DriverCommandExecutor.execute(DriverCommandExecutor.java:171)
at org.openqa.selenium.remote.RemoteWebDriver.execute(RemoteWebDriver.java:602)
at org.openqa.selenium.remote.RemoteWebElement.execute(RemoteWebElement.java:224)
at org.openqa.selenium.remote.RemoteWebElement.click(RemoteWebElement.java:77)
at java.base/jdk.internal.reflect.NativeMethodAccessorImpl.invoke0(Native Method)
at java.base/jdk.internal.reflect.NativeMethodAccessorImpl.invoke(NativeMethodAccessorImpl.java:77)
at java.base/jdk.internal.reflect.DelegatingMethodAccessorImpl.invoke(DelegatingMethodAccessorImpl.java:43)
at java.base/java.lang.reflect.Method.invoke(Method.java:568)
at org.openqa.selenium.support.pagefactory.internal.LocatingElementHandler.invoke(LocatingElementHandler.java:51)
at jdk.proxy2/jdk.proxy2.$Proxy20.click(Unknown Source)
at com.Pric.testScripts.ViewList_Message.edit_mesg(ViewList_Message.java:29)
at java.base/jdk.internal.reflect.NativeMethodAccessorImpl.invoke0(Native Method)
at java.base/jdk.internal.reflect.NativeMethodAccessorImpl.invoke(NativeMethodAccessorImpl.java:77)
at java.base/jdk.internal.reflect.DelegatingMethodAccessorImpl.invoke(DelegatingMethodAccessorImpl.java:43)
at java.base/java.lang.reflect.Method.invoke(Method.java:568)
at org.testng.internal.invokers.MethodInvocationHelper.invokeMethod(MethodInvocationHelper.java:139)
at org.testng.internal.invokers.TestInvoker.invokeMethod(TestInvoker.java:664)
at org.testng.internal.invokers.TestInvoker.invokeTestMethod(TestInvoker.java:227)
at org.testng.internal.invokers.MethodRunner.runInSequence(MethodRunner.java:50)
at org.testng.internal.invokers.TestInvoker$MethodInvocationAgent.invoke(TestInvoker.java:957)
at org.testng.internal.invokers.TestInvoker.invokeTestMethods(TestInvoker.java:200)
at org.testng.internal.invokers.TestMethodWorker.invokeTestMethods(TestMethodWorker.java:148)
at org.testng.internal.invokers.TestMethodWorker.run(TestMethodWorker.java:128)
at java.base/java.util.ArrayList.forEach(ArrayList.java:1511)
at org.testng.TestRunner.privateRun(TestRunner.java:848)
at org.testng.TestRunner.run(TestRunner.java:621)
at org.testng.SuiteRunner.runTest(SuiteRunner.java:443)
at org.testng.SuiteRunner.runSequentially(SuiteRunner.java:437)
at org.testng.SuiteRunner.privateRun(SuiteRunner.java:397)
at org.testng.SuiteRunner.run(SuiteRunner.java:336)
at org.testng.SuiteRunnerWorker.runSuite(SuiteRunnerWorker.java:52)
at org.testng.SuiteRunnerWorker.run(SuiteRunnerWorker.java:95)
at org.testng.TestNG.runSuitesSequentially(TestNG.java:1280)
at org.testng.TestNG.runSuitesLocally(TestNG.java:1200)
at org.testng.TestNG.runSuites(TestNG.java:1114)
at org.testng.TestNG.run(TestNG.java:1082)
at org.testng.remote.AbstractRemoteTestNG.run(AbstractRemoteTestNG.java:115)
at org.testng.remote.RemoteTestNG.initAndRun(RemoteTestNG.java:251)
at org.testng.remote.RemoteTestNG.main(RemoteTestNG.java:77)
]]>
            </full-stacktrace>
          </exception> <!-- org.openqa.selenium.ElementClickInterceptedException -->
          <reporter-output>
            <line>
              <![CDATA[edit_mesgÏs Executed]]>
            </line>
          </reporter-output>
        </test-method> <!-- edit_mesg -->
        <test-method is-config="true" signature="logout()[pri:0, instance:com.Pric.testScripts.ViewList_Message@235ecd9f]" started-at="2024-09-15T20:01:24 IST" name="logout" finished-at="2024-09-15T20:01:45 IST" duration-ms="21300" status="PASS">
          <reporter-output>
          </reporter-output>
        </test-method> <!-- logout -->
        <test-method is-config="true" signature="preCondition1()[pri:0, instance:com.Pric.testScripts.ViewList_Message@235ecd9f]" started-at="2024-09-15T20:01:45 IST" name="preCondition1" finished-at="2024-09-15T20:01:46 IST" duration-ms="575" status="PASS">
          <reporter-output>
          </reporter-output>
        </test-method> <!-- preCondition1 -->
      </class> <!-- com.Pric.testScripts.ViewList_Message -->
    </test> <!-- Default test -->
  </suite> <!-- Default suite -->
</testng-results>
